<?xml version="1.0" encoding="UTF-8"?>
<Site BuildName="(empty)"
	BuildStamp="20240927-0429-Experimental"
	Name="(empty)"
	Generator="ctest-3.28.3"
	CompilerName=""
	CompilerVersion=""
	OSName="Linux"
	Hostname="ssgL"
	OSRelease="6.8.0-44-generic"
	OSVersion="#44-Ubuntu SMP PREEMPT_DYNAMIC Tue Aug 13 13:35:26 UTC 2024"
	OSPlatform="x86_64"
	Is64Bits="1"
	VendorString="GenuineIntel"
	VendorID="Intel Corporation"
	FamilyID="6"
	ModelID="191"
	ProcessorCacheSize="30720"
	NumberOfLogicalCPU="24"
	NumberOfPhysicalCPU="16"
	TotalVirtualMemory="2047"
	TotalPhysicalMemory="15727"
	LogicalProcessorsPerPhysical="1"
	ProcessorClockFrequency="2657.9"
	>
	<Testing>
		<StartDateTime>Sep 27 00:29 AST</StartDateTime>
		<StartTestTime>1727411378</StartTestTime>
		<TestList/>
		<EndDateTime>Sep 27 00:29 AST</EndDateTime>
		<EndTestTime>1727411378</EndTestTime>
		<ElapsedMinutes>0</ElapsedMinutes>
	</Testing>
</Site>
